<?xml version="1.0" encoding="UTF-8"?>
<!-- Generated by org.testng.reporters.JUnitReportReporter -->
<testsuite hostname="Sathishs-MacBook-Air.local" failures="0" tests="4" name="stepDefinations.Batch" time="1.583" errors="0" timestamp="2024-03-28T17:17:23 EDT" skipped="0">
  <testcase classname="stepDefinations.Batch" name="send_http_post_request_with_endpoints_and_read_data_from_external_file" time="0.282"/>
  <testcase classname="stepDefinations.Batch" name="batchgetbatchId" time="0.218"/>
  <testcase classname="stepDefinations.Batch" name="batchgetbatchName" time="0.220"/>
  <testcase classname="stepDefinations.Batch" name="batchget" time="0.863"/>
</testsuite> <!-- stepDefinations.Batch -->
