<?xml version="1.0" encoding="UTF-8"?>
<!-- Generated by org.testng.reporters.JUnitReportReporter -->
<testsuite hostname="Sathishs-MacBook-Air.local" failures="0" tests="1" name="stepDefinations.login" time="1.599" errors="0" timestamp="2024-03-28T16:54:24 EDT" skipped="0">
  <testcase classname="stepDefinations.login" name="userable_to_log_in" time="1.599"/>
</testsuite> <!-- stepDefinations.login -->
