<?xml version="1.0" encoding="UTF-8"?>
<!-- Generated by org.testng.reporters.JUnitReportReporter -->
<testsuite hostname="Sathishs-MacBook-Air.local" failures="0" tests="1" name="stepDefinations.Batch" time="0.303" errors="0" timestamp="2024-03-28T22:54:58 EDT" skipped="0">
  <testcase classname="stepDefinations.Batch" name="send_http_post_request_with_endpoints_and_read_data_from_external_file" time="0.303"/>
</testsuite> <!-- stepDefinations.Batch -->
